-------------------------------------------------------------------------------
Test set: org.ssa.ironyard.controller.FrameworkControllerTest
-------------------------------------------------------------------------------
Tests run: 1, Failures: 1, Errors: 0, Skipped: 0, Time elapsed: 0.016 sec <<< FAILURE! - in org.ssa.ironyard.controller.FrameworkControllerTest
test(org.ssa.ironyard.controller.FrameworkControllerTest)  Time elapsed: 0.005 sec  <<< FAILURE!
java.lang.AssertionError: Not yet implemented
	at org.junit.Assert.fail(Assert.java:88)
	at org.ssa.ironyard.controller.FrameworkControllerTest.test(FrameworkControllerTest.java:11)

